<?xml version='1.0' encoding='UTF-8'?>
<testsuite hostname="25206-gkeskar" name="MatchingBracketsTest" tests="15" errors="0" failures="0" skipped="0" time="0.019" timestamp="2019-09-18T22:54:31">
                     <properties>
[...]
</properties>
                     <testcase classname="MatchingBracketsTest" name="paired square brackets" time="0.014">
                                                 
                                               </testcase><testcase classname="MatchingBracketsTest" name="empty string" time="0.0">
                                                 
                                               </testcase><testcase classname="MatchingBracketsTest" name="unpaired brackets" time="0.0">
                                                 
                                               </testcase><testcase classname="MatchingBracketsTest" name="wrong ordered brackets" time="0.0">
                                                 
                                               </testcase><testcase classname="MatchingBracketsTest" name="wrong closing bracket" time="0.0">
                                                 
                                               </testcase><testcase classname="MatchingBracketsTest" name="paired with whitespace" time="0.001">
                                                 
                                               </testcase><testcase classname="MatchingBracketsTest" name="partially paired brackets" time="0.001">
                                                 
                                               </testcase><testcase classname="MatchingBracketsTest" name="simple nested brackets" time="0.001">
                                                 
                                               </testcase><testcase classname="MatchingBracketsTest" name="several paired brackets" time="0.001">
                                                 
                                               </testcase><testcase classname="MatchingBracketsTest" name="paired and nested brackets" time="0.001">
                                                 
                                               </testcase><testcase classname="MatchingBracketsTest" name="unopened closing brackets" time="0.0">
                                                 
                                               </testcase><testcase classname="MatchingBracketsTest" name="unpaired and nested brackets" time="0.0">
                                                 
                                               </testcase><testcase classname="MatchingBracketsTest" name="paired and wrong nested brackets" time="0.0">
                                                 
                                               </testcase><testcase classname="MatchingBracketsTest" name="math expression" time="0.0">
                                                 
                                               </testcase><testcase classname="MatchingBracketsTest" name="complex latex expression" time="0.0">
                                                 
                                               </testcase>
                     <system-out><![CDATA[]]></system-out>
                     <system-err><![CDATA[]]></system-err>
                   </testsuite>