<?xml version='1.0' encoding='UTF-8'?>
<testsuite hostname="25206-gkeskar" name="RobotSimulatorTest" tests="20" errors="0" failures="0" skipped="0" time="0.021" timestamp="2019-10-31T22:57:00">
                     <properties>
[...]
</properties>
                     <testcase classname="RobotSimulatorTest" name="A robot is created with a position and a direction - Robots are created with a position and direction" time="0.017">
                                                 
                                               </testcase><testcase classname="RobotSimulatorTest" name="A robot is created with a position and a direction - Negative positions are allowed" time="0.001">
                                                 
                                               </testcase><testcase classname="RobotSimulatorTest" name="rotates the robot's direction 90 degrees clockwise - does not change the position" time="0.0">
                                                 
                                               </testcase><testcase classname="RobotSimulatorTest" name="rotates the robot's direction 90 degrees clockwise - changes the direction from north to east" time="0.0">
                                                 
                                               </testcase><testcase classname="RobotSimulatorTest" name="rotates the robot's direction 90 degrees clockwise - changes the direction from east to south" time="0.0">
                                                 
                                               </testcase><testcase classname="RobotSimulatorTest" name="rotates the robot's direction 90 degrees clockwise - changes the direction from south to west" time="0.0">
                                                 
                                               </testcase><testcase classname="RobotSimulatorTest" name="rotates the robot's direction 90 degrees clockwise - changes the direction from west to north" time="0.001">
                                                 
                                               </testcase><testcase classname="RobotSimulatorTest" name="rotates the robot's direction 90 degrees counter-clockwise - does not change the position" time="0.0">
                                                 
                                               </testcase><testcase classname="RobotSimulatorTest" name="rotates the robot's direction 90 degrees counter-clockwise - changes the direction from north to west" time="0.0">
                                                 
                                               </testcase><testcase classname="RobotSimulatorTest" name="rotates the robot's direction 90 degrees counter-clockwise - changes the direction from west to south" time="0.0">
                                                 
                                               </testcase><testcase classname="RobotSimulatorTest" name="rotates the robot's direction 90 degrees counter-clockwise - changes the direction from south to east" time="0.0">
                                                 
                                               </testcase><testcase classname="RobotSimulatorTest" name="rotates the robot's direction 90 degrees counter-clockwise - changes the direction from east to north" time="0.0">
                                                 
                                               </testcase><testcase classname="RobotSimulatorTest" name="moves the robot forward 1 space in the direction it is pointing - does not change the direction" time="0.0">
                                                 
                                               </testcase><testcase classname="RobotSimulatorTest" name="moves the robot forward 1 space in the direction it is pointing - increases the y coordinate one when facing north" time="0.0">
                                                 
                                               </testcase><testcase classname="RobotSimulatorTest" name="moves the robot forward 1 space in the direction it is pointing - decreases the y coordinate by one when facing south" time="0.0">
                                                 
                                               </testcase><testcase classname="RobotSimulatorTest" name="moves the robot forward 1 space in the direction it is pointing - increases the x coordinate by one when facing east" time="0.0">
                                                 
                                               </testcase><testcase classname="RobotSimulatorTest" name="moves the robot forward 1 space in the direction it is pointing - decreases the x coordinate by one when facing west" time="0.0">
                                                 
                                               </testcase><testcase classname="RobotSimulatorTest" name="Where R = Turn Right, L = Turn Left and A = Advance, the robot can follow a series of instructions and end up with the correct position and direction - instructions to move west and north" time="0.001">
                                                 
                                               </testcase><testcase classname="RobotSimulatorTest" name="Where R = Turn Right, L = Turn Left and A = Advance, the robot can follow a series of instructions and end up with the correct position and direction - instructions to move west and south" time="0.001">
                                                 
                                               </testcase><testcase classname="RobotSimulatorTest" name="Where R = Turn Right, L = Turn Left and A = Advance, the robot can follow a series of instructions and end up with the correct position and direction - instructions to move east and north" time="0.0">
                                                 
                                               </testcase>
                     <system-out><![CDATA[]]></system-out>
                     <system-err><![CDATA[]]></system-err>
                   </testsuite>